<?xml version="1.0" encoding="UTF-8"?>
<testsuite name="MovieTest" tests="5" skipped="0" failures="0" errors="0" timestamp="2018-07-14T07:46:44" hostname="admins-MacBook-Pro-2.local" time="0.001">
  <properties/>
  <testcase name="calculateAmountWhenChildrenMovieRentedForLessThanThreeDays" classname="MovieTest" time="0.0"/>
  <testcase name="calculateAmountWhenRegularMovieRentedForMoreThanTwoDays" classname="MovieTest" time="0.0"/>
  <testcase name="calculateAmountWhenRegularMovieRentedForLessThanTwoDays" classname="MovieTest" time="0.0"/>
  <testcase name="calculateAmountWhenChildrenMovieRentedForMoreThanThreeDays" classname="MovieTest" time="0.0"/>
  <testcase name="calculateAmountWhenNewReleaseMovieRented" classname="MovieTest" time="0.0"/>
  <system-out><![CDATA[]]></system-out>
  <system-err><![CDATA[]]></system-err>
</testsuite>
